{"/Users/ulysses/Desktop/WORK2021/2021/jobtests/toptrumps/src/App.jsx": {"path":"/Users/ulysses/Desktop/WORK2021/2021/jobtests/toptrumps/src/App.jsx","statementMap":{"0":{"start":{"line":18,"column":12},"end":{"line":18,"column":45}},"1":{"start":{"line":21,"column":26},"end":{"line":21,"column":55}},"2":{"start":{"line":22,"column":34},"end":{"line":22,"column":46}},"3":{"start":{"line":23,"column":38},"end":{"line":23,"column":50}},"4":{"start":{"line":24,"column":18},"end":{"line":24,"column":71}},"5":{"start":{"line":24,"column":31},"end":{"line":24,"column":71}},"6":{"start":{"line":24,"column":60},"end":{"line":24,"column":70}},"7":{"start":{"line":25,"column":34},"end":{"line":25,"column":54}},"8":{"start":{"line":27,"column":25},"end":{"line":31,"column":11}},"9":{"start":{"line":28,"column":4},"end":{"line":30,"column":5}},"10":{"start":{"line":29,"column":6},"end":{"line":29,"column":48}},"11":{"start":{"line":33,"column":26},"end":{"line":58,"column":27}},"12":{"start":{"line":34,"column":4},"end":{"line":57,"column":5}},"13":{"start":{"line":35,"column":6},"end":{"line":56,"column":7}},"14":{"start":{"line":36,"column":8},"end":{"line":36,"column":44}},"15":{"start":{"line":37,"column":13},"end":{"line":56,"column":7}},"16":{"start":{"line":38,"column":8},"end":{"line":38,"column":36}},"17":{"start":{"line":40,"column":23},"end":{"line":40,"column":55}},"18":{"start":{"line":41,"column":32},"end":{"line":43,"column":10}},"19":{"start":{"line":42,"column":10},"end":{"line":42,"column":66}},"20":{"start":{"line":44,"column":24},"end":{"line":44,"column":53}},"21":{"start":{"line":45,"column":27},"end":{"line":45,"column":56}},"22":{"start":{"line":46,"column":8},"end":{"line":55,"column":11}},"23":{"start":{"line":60,"column":2},"end":{"line":62,"column":42}},"24":{"start":{"line":61,"column":5},"end":{"line":61,"column":23}},"25":{"start":{"line":64,"column":35},"end":{"line":69,"column":3}},"26":{"start":{"line":65,"column":4},"end":{"line":68,"column":6}},"27":{"start":{"line":71,"column":27},"end":{"line":87,"column":3}},"28":{"start":{"line":72,"column":18},"end":{"line":72,"column":31}},"29":{"start":{"line":73,"column":18},"end":{"line":73,"column":31}},"30":{"start":{"line":74,"column":4},"end":{"line":86,"column":5}},"31":{"start":{"line":76,"column":8},"end":{"line":76,"column":25}},"32":{"start":{"line":77,"column":8},"end":{"line":77,"column":14}},"33":{"start":{"line":79,"column":8},"end":{"line":79,"column":26}},"34":{"start":{"line":80,"column":8},"end":{"line":80,"column":14}},"35":{"start":{"line":82,"column":8},"end":{"line":82,"column":33}},"36":{"start":{"line":83,"column":8},"end":{"line":83,"column":14}},"37":{"start":{"line":85,"column":8},"end":{"line":85,"column":36}},"38":{"start":{"line":89,"column":22},"end":{"line":93,"column":3}},"39":{"start":{"line":90,"column":4},"end":{"line":92,"column":65}},"40":{"start":{"line":95,"column":21},"end":{"line":114,"column":3}},"41":{"start":{"line":96,"column":23},"end":{"line":96,"column":66}},"42":{"start":{"line":97,"column":23},"end":{"line":97,"column":66}},"43":{"start":{"line":98,"column":18},"end":{"line":98,"column":20}},"44":{"start":{"line":100,"column":4},"end":{"line":106,"column":5}},"45":{"start":{"line":101,"column":6},"end":{"line":101,"column":49}},"46":{"start":{"line":102,"column":11},"end":{"line":106,"column":5}},"47":{"start":{"line":103,"column":6},"end":{"line":103,"column":49}},"48":{"start":{"line":105,"column":6},"end":{"line":105,"column":41}},"49":{"start":{"line":107,"column":4},"end":{"line":110,"column":6}},"50":{"start":{"line":111,"column":4},"end":{"line":113,"column":9}},"51":{"start":{"line":116,"column":23},"end":{"line":134,"column":3}},"52":{"start":{"line":117,"column":20},"end":{"line":122,"column":5}},"53":{"start":{"line":123,"column":4},"end":{"line":129,"column":5}},"54":{"start":{"line":124,"column":6},"end":{"line":124,"column":54}},"55":{"start":{"line":125,"column":6},"end":{"line":125,"column":54}},"56":{"start":{"line":127,"column":6},"end":{"line":127,"column":104}},"57":{"start":{"line":128,"column":6},"end":{"line":128,"column":104}},"58":{"start":{"line":130,"column":4},"end":{"line":133,"column":7}},"59":{"start":{"line":135,"column":4},"end":{"line":139,"column":5}},"60":{"start":{"line":136,"column":6},"end":{"line":136,"column":68}},"61":{"start":{"line":137,"column":11},"end":{"line":139,"column":5}},"62":{"start":{"line":138,"column":6},"end":{"line":138,"column":69}},"63":{"start":{"line":141,"column":4},"end":{"line":188,"column":6}}},"fnMap":{"0":{"name":"App","decl":{"start":{"line":20,"column":9},"end":{"line":20,"column":12}},"loc":{"start":{"line":20,"column":16},"end":{"line":189,"column":1}},"line":20},"1":{"name":"(anonymous_1)","decl":{"start":{"line":24,"column":18},"end":{"line":24,"column":19}},"loc":{"start":{"line":24,"column":31},"end":{"line":24,"column":71}},"line":24},"2":{"name":"(anonymous_2)","decl":{"start":{"line":24,"column":51},"end":{"line":24,"column":52}},"loc":{"start":{"line":24,"column":60},"end":{"line":24,"column":70}},"line":24},"3":{"name":"(anonymous_3)","decl":{"start":{"line":27,"column":37},"end":{"line":27,"column":38}},"loc":{"start":{"line":27,"column":43},"end":{"line":31,"column":3}},"line":27},"4":{"name":"(anonymous_4)","decl":{"start":{"line":33,"column":38},"end":{"line":33,"column":39}},"loc":{"start":{"line":33,"column":44},"end":{"line":58,"column":3}},"line":33},"5":{"name":"(anonymous_5)","decl":{"start":{"line":41,"column":51},"end":{"line":41,"column":52}},"loc":{"start":{"line":41,"column":67},"end":{"line":43,"column":9}},"line":41},"6":{"name":"(anonymous_6)","decl":{"start":{"line":60,"column":12},"end":{"line":60,"column":13}},"loc":{"start":{"line":60,"column":17},"end":{"line":62,"column":3}},"line":60},"7":{"name":"(anonymous_7)","decl":{"start":{"line":64,"column":35},"end":{"line":64,"column":36}},"loc":{"start":{"line":64,"column":53},"end":{"line":69,"column":3}},"line":64},"8":{"name":"(anonymous_8)","decl":{"start":{"line":71,"column":27},"end":{"line":71,"column":28}},"loc":{"start":{"line":71,"column":33},"end":{"line":87,"column":3}},"line":71},"9":{"name":"(anonymous_9)","decl":{"start":{"line":89,"column":22},"end":{"line":89,"column":23}},"loc":{"start":{"line":89,"column":32},"end":{"line":93,"column":3}},"line":89},"10":{"name":"(anonymous_10)","decl":{"start":{"line":95,"column":21},"end":{"line":95,"column":22}},"loc":{"start":{"line":95,"column":39},"end":{"line":114,"column":3}},"line":95},"11":{"name":"(anonymous_11)","decl":{"start":{"line":116,"column":23},"end":{"line":116,"column":24}},"loc":{"start":{"line":116,"column":41},"end":{"line":134,"column":3}},"line":116}},"branchMap":{"0":{"loc":{"start":{"line":28,"column":4},"end":{"line":30,"column":5}},"type":"if","locations":[{"start":{"line":28,"column":4},"end":{"line":30,"column":5}},{"start":{"line":28,"column":4},"end":{"line":30,"column":5}}],"line":28},"1":{"loc":{"start":{"line":28,"column":7},"end":{"line":28,"column":50}},"type":"binary-expr","locations":[{"start":{"line":28,"column":7},"end":{"line":28,"column":29}},{"start":{"line":28,"column":33},"end":{"line":28,"column":50}}],"line":28},"2":{"loc":{"start":{"line":34,"column":4},"end":{"line":57,"column":5}},"type":"if","locations":[{"start":{"line":34,"column":4},"end":{"line":57,"column":5}},{"start":{"line":34,"column":4},"end":{"line":57,"column":5}}],"line":34},"3":{"loc":{"start":{"line":34,"column":8},"end":{"line":34,"column":57}},"type":"binary-expr","locations":[{"start":{"line":34,"column":8},"end":{"line":34,"column":24}},{"start":{"line":34,"column":28},"end":{"line":34,"column":57}}],"line":34},"4":{"loc":{"start":{"line":35,"column":6},"end":{"line":56,"column":7}},"type":"if","locations":[{"start":{"line":35,"column":6},"end":{"line":56,"column":7}},{"start":{"line":35,"column":6},"end":{"line":56,"column":7}}],"line":35},"5":{"loc":{"start":{"line":37,"column":13},"end":{"line":56,"column":7}},"type":"if","locations":[{"start":{"line":37,"column":13},"end":{"line":56,"column":7}},{"start":{"line":37,"column":13},"end":{"line":56,"column":7}}],"line":37},"6":{"loc":{"start":{"line":74,"column":4},"end":{"line":86,"column":5}},"type":"switch","locations":[{"start":{"line":75,"column":6},"end":{"line":77,"column":14}},{"start":{"line":78,"column":6},"end":{"line":80,"column":14}},{"start":{"line":81,"column":6},"end":{"line":83,"column":14}},{"start":{"line":84,"column":6},"end":{"line":85,"column":36}}],"line":74},"7":{"loc":{"start":{"line":90,"column":11},"end":{"line":92,"column":64}},"type":"binary-expr","locations":[{"start":{"line":90,"column":11},"end":{"line":90,"column":23}},{"start":{"line":91,"column":8},"end":{"line":91,"column":36}},{"start":{"line":91,"column":40},"end":{"line":91,"column":63}},{"start":{"line":92,"column":7},"end":{"line":92,"column":35}},{"start":{"line":92,"column":39},"end":{"line":92,"column":62}}],"line":90},"8":{"loc":{"start":{"line":100,"column":4},"end":{"line":106,"column":5}},"type":"if","locations":[{"start":{"line":100,"column":4},"end":{"line":106,"column":5}},{"start":{"line":100,"column":4},"end":{"line":106,"column":5}}],"line":100},"9":{"loc":{"start":{"line":100,"column":8},"end":{"line":100,"column":49}},"type":"binary-expr","locations":[{"start":{"line":100,"column":8},"end":{"line":100,"column":22}},{"start":{"line":100,"column":26},"end":{"line":100,"column":49}}],"line":100},"10":{"loc":{"start":{"line":102,"column":11},"end":{"line":106,"column":5}},"type":"if","locations":[{"start":{"line":102,"column":11},"end":{"line":106,"column":5}},{"start":{"line":102,"column":11},"end":{"line":106,"column":5}}],"line":102},"11":{"loc":{"start":{"line":102,"column":15},"end":{"line":102,"column":56}},"type":"binary-expr","locations":[{"start":{"line":102,"column":15},"end":{"line":102,"column":29}},{"start":{"line":102,"column":33},"end":{"line":102,"column":56}}],"line":102},"12":{"loc":{"start":{"line":108,"column":13},"end":{"line":108,"column":61}},"type":"cond-expr","locations":[{"start":{"line":108,"column":36},"end":{"line":108,"column":47}},{"start":{"line":108,"column":50},"end":{"line":108,"column":61}}],"line":108},"13":{"loc":{"start":{"line":109,"column":13},"end":{"line":109,"column":66}},"type":"cond-expr","locations":[{"start":{"line":109,"column":36},"end":{"line":109,"column":54}},{"start":{"line":109,"column":57},"end":{"line":109,"column":66}}],"line":109},"14":{"loc":{"start":{"line":123,"column":4},"end":{"line":129,"column":5}},"type":"if","locations":[{"start":{"line":123,"column":4},"end":{"line":129,"column":5}},{"start":{"line":123,"column":4},"end":{"line":129,"column":5}}],"line":123},"15":{"loc":{"start":{"line":127,"column":51},"end":{"line":127,"column":101}},"type":"cond-expr","locations":[{"start":{"line":127,"column":82},"end":{"line":127,"column":96}},{"start":{"line":127,"column":99},"end":{"line":127,"column":101}}],"line":127},"16":{"loc":{"start":{"line":128,"column":51},"end":{"line":128,"column":101}},"type":"cond-expr","locations":[{"start":{"line":128,"column":82},"end":{"line":128,"column":96}},{"start":{"line":128,"column":99},"end":{"line":128,"column":101}}],"line":128},"17":{"loc":{"start":{"line":135,"column":4},"end":{"line":139,"column":5}},"type":"if","locations":[{"start":{"line":135,"column":4},"end":{"line":139,"column":5}},{"start":{"line":135,"column":4},"end":{"line":139,"column":5}}],"line":135},"18":{"loc":{"start":{"line":137,"column":11},"end":{"line":139,"column":5}},"type":"if","locations":[{"start":{"line":137,"column":11},"end":{"line":139,"column":5}},{"start":{"line":137,"column":11},"end":{"line":139,"column":5}}],"line":137},"19":{"loc":{"start":{"line":144,"column":8},"end":{"line":185,"column":9}},"type":"binary-expr","locations":[{"start":{"line":144,"column":8},"end":{"line":144,"column":12}},{"start":{"line":144,"column":16},"end":{"line":144,"column":26}},{"start":{"line":145,"column":8},"end":{"line":184,"column":19}}],"line":144},"20":{"loc":{"start":{"line":148,"column":14},"end":{"line":152,"column":31}},"type":"cond-expr","locations":[{"start":{"line":149,"column":14},"end":{"line":149,"column":15}},{"start":{"line":150,"column":14},"end":{"line":152,"column":31}}],"line":148},"21":{"loc":{"start":{"line":148,"column":14},"end":{"line":148,"column":63}},"type":"binary-expr","locations":[{"start":{"line":148,"column":14},"end":{"line":148,"column":36}},{"start":{"line":148,"column":40},"end":{"line":148,"column":63}}],"line":148},"22":{"loc":{"start":{"line":150,"column":14},"end":{"line":152,"column":31}},"type":"cond-expr","locations":[{"start":{"line":151,"column":14},"end":{"line":151,"column":16}},{"start":{"line":152,"column":14},"end":{"line":152,"column":31}}],"line":150},"23":{"loc":{"start":{"line":150,"column":14},"end":{"line":150,"column":63}},"type":"binary-expr","locations":[{"start":{"line":150,"column":14},"end":{"line":150,"column":36}},{"start":{"line":150,"column":40},"end":{"line":150,"column":63}}],"line":150},"24":{"loc":{"start":{"line":155,"column":14},"end":{"line":159,"column":31}},"type":"cond-expr","locations":[{"start":{"line":156,"column":14},"end":{"line":156,"column":15}},{"start":{"line":157,"column":14},"end":{"line":159,"column":31}}],"line":155},"25":{"loc":{"start":{"line":155,"column":14},"end":{"line":155,"column":63}},"type":"binary-expr","locations":[{"start":{"line":155,"column":14},"end":{"line":155,"column":36}},{"start":{"line":155,"column":40},"end":{"line":155,"column":63}}],"line":155},"26":{"loc":{"start":{"line":157,"column":14},"end":{"line":159,"column":31}},"type":"cond-expr","locations":[{"start":{"line":158,"column":14},"end":{"line":158,"column":16}},{"start":{"line":159,"column":14},"end":{"line":159,"column":31}}],"line":157},"27":{"loc":{"start":{"line":157,"column":14},"end":{"line":157,"column":63}},"type":"binary-expr","locations":[{"start":{"line":157,"column":14},"end":{"line":157,"column":36}},{"start":{"line":157,"column":40},"end":{"line":157,"column":63}}],"line":157},"28":{"loc":{"start":{"line":162,"column":11},"end":{"line":169,"column":11}},"type":"binary-expr","locations":[{"start":{"line":162,"column":11},"end":{"line":162,"column":38}},{"start":{"line":163,"column":12},"end":{"line":168,"column":18}}],"line":162},"29":{"loc":{"start":{"line":164,"column":13},"end":{"line":166,"column":37}},"type":"cond-expr","locations":[{"start":{"line":165,"column":12},"end":{"line":165,"column":37}},{"start":{"line":166,"column":12},"end":{"line":166,"column":37}}],"line":164}},"s":{"0":1,"1":1,"2":1,"3":1,"4":1,"5":1,"6":0,"7":1,"8":1,"9":0,"10":0,"11":1,"12":0,"13":0,"14":0,"15":0,"16":0,"17":0,"18":0,"19":0,"20":0,"21":0,"22":0,"23":1,"24":0,"25":1,"26":0,"27":1,"28":0,"29":0,"30":0,"31":0,"32":0,"33":0,"34":0,"35":0,"36":0,"37":0,"38":1,"39":0,"40":1,"41":0,"42":0,"43":0,"44":0,"45":0,"46":0,"47":0,"48":0,"49":0,"50":0,"51":1,"52":0,"53":0,"54":0,"55":0,"56":0,"57":0,"58":0,"59":1,"60":0,"61":1,"62":1,"63":0},"f":{"0":1,"1":1,"2":0,"3":0,"4":0,"5":0,"6":0,"7":0,"8":0,"9":0,"10":0,"11":0},"b":{"0":[0,0],"1":[0,0],"2":[0,0],"3":[0,0],"4":[0,0],"5":[0,0],"6":[0,0,0,0],"7":[0,0,0,0,0],"8":[0,0],"9":[0,0],"10":[0,0],"11":[0,0],"12":[0,0],"13":[0,0],"14":[0,0],"15":[0,0],"16":[0,0],"17":[0,1],"18":[1,0],"19":[0,0,0],"20":[0,0],"21":[0,0],"22":[0,0],"23":[0,0],"24":[0,0],"25":[0,0],"26":[0,0],"27":[0,0],"28":[0,0],"29":[0,0]},"_coverageSchema":"1a1c01bbd47fc00a2c39e90264f33305004495a9","hash":"0b8bb0c61d90c91aa8dffee25a1a5043a2e1d45e"}
,"/Users/ulysses/Desktop/WORK2021/2021/jobtests/toptrumps/src/index.js": {"path":"/Users/ulysses/Desktop/WORK2021/2021/jobtests/toptrumps/src/index.js","statementMap":{"0":{"start":{"line":7,"column":0},"end":{"line":7,"column":58}}},"fnMap":{},"branchMap":{},"s":{"0":0},"f":{},"b":{}}
,"/Users/ulysses/Desktop/WORK2021/2021/jobtests/toptrumps/src/components/card/Card.jsx": {"path":"/Users/ulysses/Desktop/WORK2021/2021/jobtests/toptrumps/src/components/card/Card.jsx","statementMap":{"0":{"start":{"line":7,"column":13},"end":{"line":40,"column":1}},"1":{"start":{"line":15,"column":6},"end":{"line":15,"column":11}},"2":{"start":{"line":17,"column":2},"end":{"line":39,"column":4}},"3":{"start":{"line":42,"column":0},"end":{"line":47,"column":1}}},"fnMap":{"0":{"name":"(anonymous_0)","decl":{"start":{"line":7,"column":13},"end":{"line":7,"column":14}},"loc":{"start":{"line":7,"column":24},"end":{"line":40,"column":1}},"line":7}},"branchMap":{"0":{"loc":{"start":{"line":18,"column":28},"end":{"line":18,"column":48}},"type":"binary-expr","locations":[{"start":{"line":18,"column":28},"end":{"line":18,"column":36}},{"start":{"line":18,"column":40},"end":{"line":18,"column":48}}],"line":18},"1":{"loc":{"start":{"line":19,"column":7},"end":{"line":37,"column":14}},"type":"cond-expr","locations":[{"start":{"line":20,"column":8},"end":{"line":36,"column":14}},{"start":{"line":37,"column":10},"end":{"line":37,"column":14}}],"line":19},"2":{"loc":{"start":{"line":33,"column":31},"end":{"line":33,"column":54}},"type":"binary-expr","locations":[{"start":{"line":33,"column":31},"end":{"line":33,"column":48}},{"start":{"line":33,"column":52},"end":{"line":33,"column":54}}],"line":33}},"s":{"0":4,"1":4,"2":4,"3":4},"f":{"0":4},"b":{"0":[4,2],"1":[2,2],"2":[2,2]},"_coverageSchema":"1a1c01bbd47fc00a2c39e90264f33305004495a9","hash":"072e463554c132710aa0468fcfce4a3969a20303"}
,"/Users/ulysses/Desktop/WORK2021/2021/jobtests/toptrumps/src/components/card/CardAttributeList.jsx": {"path":"/Users/ulysses/Desktop/WORK2021/2021/jobtests/toptrumps/src/components/card/CardAttributeList.jsx","statementMap":{"0":{"start":{"line":6,"column":26},"end":{"line":33,"column":1}},"1":{"start":{"line":12,"column":6},"end":{"line":12,"column":11}},"2":{"start":{"line":14,"column":29},"end":{"line":26,"column":4}},"3":{"start":{"line":15,"column":4},"end":{"line":25,"column":6}},"4":{"start":{"line":28,"column":2},"end":{"line":32,"column":4}},"5":{"start":{"line":35,"column":0},"end":{"line":40,"column":1}}},"fnMap":{"0":{"name":"(anonymous_0)","decl":{"start":{"line":6,"column":26},"end":{"line":6,"column":27}},"loc":{"start":{"line":6,"column":37},"end":{"line":33,"column":1}},"line":6},"1":{"name":"(anonymous_1)","decl":{"start":{"line":14,"column":57},"end":{"line":14,"column":58}},"loc":{"start":{"line":14,"column":75},"end":{"line":26,"column":3}},"line":14}},"branchMap":{"0":{"loc":{"start":{"line":20,"column":13},"end":{"line":20,"column":37}},"type":"binary-expr","locations":[{"start":{"line":20,"column":13},"end":{"line":20,"column":31}},{"start":{"line":20,"column":35},"end":{"line":20,"column":37}}],"line":20}},"s":{"0":4,"1":3,"2":3,"3":18,"4":3,"5":4},"f":{"0":3,"1":18},"b":{"0":[18,18]},"_coverageSchema":"1a1c01bbd47fc00a2c39e90264f33305004495a9","hash":"9c73692de54d03299ed121b1fd2a45436b62ce9c"}
,"/Users/ulysses/Desktop/WORK2021/2021/jobtests/toptrumps/src/components/card/CardAttributeRow.jsx": {"path":"/Users/ulysses/Desktop/WORK2021/2021/jobtests/toptrumps/src/components/card/CardAttributeRow.jsx","statementMap":{"0":{"start":{"line":6,"column":21},"end":{"line":11,"column":3}},"1":{"start":{"line":13,"column":25},"end":{"line":15,"column":3}},"2":{"start":{"line":14,"column":4},"end":{"line":14,"column":61}},"3":{"start":{"line":24,"column":8},"end":{"line":24,"column":18}},"4":{"start":{"line":26,"column":27},"end":{"line":34,"column":22}},"5":{"start":{"line":36,"column":4},"end":{"line":46,"column":6}}},"fnMap":{"0":{"name":"(anonymous_0)","decl":{"start":{"line":13,"column":25},"end":{"line":13,"column":26}},"loc":{"start":{"line":13,"column":31},"end":{"line":15,"column":3}},"line":13},"1":{"name":"(anonymous_1)","decl":{"start":{"line":17,"column":2},"end":{"line":17,"column":3}},"loc":{"start":{"line":17,"column":11},"end":{"line":47,"column":3}},"line":17}},"branchMap":{"0":{"loc":{"start":{"line":26,"column":27},"end":{"line":34,"column":22}},"type":"cond-expr","locations":[{"start":{"line":27,"column":6},"end":{"line":30,"column":20}},{"start":{"line":32,"column":6},"end":{"line":34,"column":21}}],"line":26},"1":{"loc":{"start":{"line":28,"column":43},"end":{"line":28,"column":91}},"type":"binary-expr","locations":[{"start":{"line":28,"column":43},"end":{"line":28,"column":77}},{"start":{"line":28,"column":81},"end":{"line":28,"column":91}}],"line":28},"2":{"loc":{"start":{"line":33,"column":43},"end":{"line":33,"column":91}},"type":"binary-expr","locations":[{"start":{"line":33,"column":43},"end":{"line":33,"column":77}},{"start":{"line":33,"column":81},"end":{"line":33,"column":91}}],"line":33},"3":{"loc":{"start":{"line":41,"column":49},"end":{"line":41,"column":97}},"type":"binary-expr","locations":[{"start":{"line":41,"column":49},"end":{"line":41,"column":83}},{"start":{"line":41,"column":87},"end":{"line":41,"column":97}}],"line":41}},"s":{"0":5,"1":19,"2":0,"3":19,"4":19,"5":19},"f":{"0":0,"1":19},"b":{"0":[0,19],"1":[0,0],"2":[19,0],"3":[19,0]},"_coverageSchema":"1a1c01bbd47fc00a2c39e90264f33305004495a9","hash":"8012088424a3e5d3348e5ae953fa9cd67d776116"}
,"/Users/ulysses/Desktop/WORK2021/2021/jobtests/toptrumps/src/components/card/CardContainer.jsx": {"path":"/Users/ulysses/Desktop/WORK2021/2021/jobtests/toptrumps/src/components/card/CardContainer.jsx","statementMap":{"0":{"start":{"line":6,"column":22},"end":{"line":36,"column":1}},"1":{"start":{"line":14,"column":6},"end":{"line":14,"column":11}},"2":{"start":{"line":16,"column":2},"end":{"line":35,"column":4}},"3":{"start":{"line":38,"column":0},"end":{"line":45,"column":1}}},"fnMap":{"0":{"name":"(anonymous_0)","decl":{"start":{"line":6,"column":22},"end":{"line":6,"column":23}},"loc":{"start":{"line":6,"column":33},"end":{"line":36,"column":1}},"line":6}},"branchMap":{"0":{"loc":{"start":{"line":17,"column":38},"end":{"line":17,"column":58}},"type":"binary-expr","locations":[{"start":{"line":17,"column":38},"end":{"line":17,"column":46}},{"start":{"line":17,"column":50},"end":{"line":17,"column":58}}],"line":17},"1":{"loc":{"start":{"line":25,"column":7},"end":{"line":32,"column":14}},"type":"cond-expr","locations":[{"start":{"line":26,"column":6},"end":{"line":31,"column":8}},{"start":{"line":32,"column":10},"end":{"line":32,"column":14}}],"line":25}},"s":{"0":3,"1":3,"2":3,"3":3},"f":{"0":3},"b":{"0":[3,0],"1":[2,1]},"_coverageSchema":"1a1c01bbd47fc00a2c39e90264f33305004495a9","hash":"302888c83815684c25a57ad7eb459457bdaf7185"}
,"/Users/ulysses/Desktop/WORK2021/2021/jobtests/toptrumps/src/components/card/CardHeader.jsx": {"path":"/Users/ulysses/Desktop/WORK2021/2021/jobtests/toptrumps/src/components/card/CardHeader.jsx","statementMap":{"0":{"start":{"line":4,"column":19},"end":{"line":20,"column":1}},"1":{"start":{"line":9,"column":6},"end":{"line":9,"column":11}},"2":{"start":{"line":11,"column":2},"end":{"line":19,"column":4}},"3":{"start":{"line":22,"column":0},"end":{"line":26,"column":1}}},"fnMap":{"0":{"name":"(anonymous_0)","decl":{"start":{"line":4,"column":19},"end":{"line":4,"column":20}},"loc":{"start":{"line":4,"column":30},"end":{"line":20,"column":1}},"line":4}},"branchMap":{},"s":{"0":4,"1":3,"2":3,"3":4},"f":{"0":3},"b":{},"_coverageSchema":"1a1c01bbd47fc00a2c39e90264f33305004495a9","hash":"8400716f06c2382700956dc57c959c5da50296d0"}
,"/Users/ulysses/Desktop/WORK2021/2021/jobtests/toptrumps/src/components/card/CardImage.jsx": {"path":"/Users/ulysses/Desktop/WORK2021/2021/jobtests/toptrumps/src/components/card/CardImage.jsx","statementMap":{"0":{"start":{"line":5,"column":18},"end":{"line":9,"column":1}},"1":{"start":{"line":6,"column":2},"end":{"line":8,"column":8}},"2":{"start":{"line":11,"column":0},"end":{"line":13,"column":1}}},"fnMap":{"0":{"name":"(anonymous_0)","decl":{"start":{"line":5,"column":18},"end":{"line":5,"column":19}},"loc":{"start":{"line":6,"column":2},"end":{"line":8,"column":8}},"line":6}},"branchMap":{},"s":{"0":4,"1":3,"2":4},"f":{"0":3},"b":{},"_coverageSchema":"1a1c01bbd47fc00a2c39e90264f33305004495a9","hash":"0d0b1900ab907dcf1f83cc79fcaae49b6f5d3eee"}
,"/Users/ulysses/Desktop/WORK2021/2021/jobtests/toptrumps/src/components/card/SelectedAttribute.jsx": {"path":"/Users/ulysses/Desktop/WORK2021/2021/jobtests/toptrumps/src/components/card/SelectedAttribute.jsx","statementMap":{"0":{"start":{"line":5,"column":26},"end":{"line":24,"column":1}},"1":{"start":{"line":11,"column":6},"end":{"line":11,"column":11}},"2":{"start":{"line":12,"column":2},"end":{"line":23,"column":4}},"3":{"start":{"line":26,"column":0},"end":{"line":29,"column":1}}},"fnMap":{"0":{"name":"(anonymous_0)","decl":{"start":{"line":5,"column":26},"end":{"line":5,"column":27}},"loc":{"start":{"line":5,"column":37},"end":{"line":24,"column":1}},"line":5}},"branchMap":{"0":{"loc":{"start":{"line":12,"column":9},"end":{"line":23,"column":3}},"type":"cond-expr","locations":[{"start":{"line":13,"column":4},"end":{"line":20,"column":10}},{"start":{"line":22,"column":4},"end":{"line":22,"column":65}}],"line":12},"1":{"loc":{"start":{"line":12,"column":9},"end":{"line":12,"column":38}},"type":"binary-expr","locations":[{"start":{"line":12,"column":9},"end":{"line":12,"column":26}},{"start":{"line":12,"column":30},"end":{"line":12,"column":38}}],"line":12},"2":{"loc":{"start":{"line":14,"column":5},"end":{"line":18,"column":27}},"type":"cond-expr","locations":[{"start":{"line":15,"column":6},"end":{"line":16,"column":27}},{"start":{"line":17,"column":5},"end":{"line":18,"column":27}}],"line":14}},"s":{"0":4,"1":3,"2":3,"3":4},"f":{"0":3},"b":{"0":[0,3],"1":[3,0],"2":[0,0]},"_coverageSchema":"1a1c01bbd47fc00a2c39e90264f33305004495a9","hash":"3d3282507430c3337aaaad545125bb9b63c8630d"}
,"/Users/ulysses/Desktop/WORK2021/2021/jobtests/toptrumps/src/components/common/Button.jsx": {"path":"/Users/ulysses/Desktop/WORK2021/2021/jobtests/toptrumps/src/components/common/Button.jsx","statementMap":{"0":{"start":{"line":4,"column":15},"end":{"line":21,"column":1}},"1":{"start":{"line":10,"column":6},"end":{"line":10,"column":11}},"2":{"start":{"line":12,"column":2},"end":{"line":20,"column":4}},"3":{"start":{"line":23,"column":0},"end":{"line":28,"column":2}},"4":{"start":{"line":30,"column":0},"end":{"line":35,"column":2}}},"fnMap":{"0":{"name":"(anonymous_0)","decl":{"start":{"line":4,"column":15},"end":{"line":4,"column":16}},"loc":{"start":{"line":4,"column":26},"end":{"line":21,"column":1}},"line":4},"1":{"name":"(anonymous_1)","decl":{"start":{"line":32,"column":17},"end":{"line":32,"column":18}},"loc":{"start":{"line":32,"column":23},"end":{"line":32,"column":25}},"line":32}},"branchMap":{"0":{"loc":{"start":{"line":14,"column":43},"end":{"line":14,"column":73}},"type":"binary-expr","locations":[{"start":{"line":14,"column":43},"end":{"line":14,"column":59}},{"start":{"line":14,"column":63},"end":{"line":14,"column":73}}],"line":14}},"s":{"0":3,"1":2,"2":2,"3":3,"4":3},"f":{"0":2,"1":0},"b":{"0":[2,2]},"_coverageSchema":"1a1c01bbd47fc00a2c39e90264f33305004495a9","hash":"48d4f06fe503ddc67206ce5ea4ca67d663e4a087"}
,"/Users/ulysses/Desktop/WORK2021/2021/jobtests/toptrumps/src/constants/attributes.js": {"path":"/Users/ulysses/Desktop/WORK2021/2021/jobtests/toptrumps/src/constants/attributes.js","statementMap":{},"fnMap":{},"branchMap":{},"s":{},"f":{},"b":{},"_coverageSchema":"1a1c01bbd47fc00a2c39e90264f33305004495a9","hash":"ad5edf6572a52af1987fbd0ad7d8f6ef1345398a"}
,"/Users/ulysses/Desktop/WORK2021/2021/jobtests/toptrumps/src/constants/constants.js": {"path":"/Users/ulysses/Desktop/WORK2021/2021/jobtests/toptrumps/src/constants/constants.js","statementMap":{"0":{"start":{"line":1,"column":28},"end":{"line":1,"column":35}},"1":{"start":{"line":2,"column":27},"end":{"line":2,"column":33}},"2":{"start":{"line":3,"column":27},"end":{"line":3,"column":33}},"3":{"start":{"line":4,"column":29},"end":{"line":4,"column":37}},"4":{"start":{"line":5,"column":24},"end":{"line":5,"column":33}},"5":{"start":{"line":6,"column":24},"end":{"line":6,"column":33}}},"fnMap":{},"branchMap":{},"s":{"0":6,"1":6,"2":6,"3":6,"4":6,"5":6},"f":{},"b":{},"_coverageSchema":"1a1c01bbd47fc00a2c39e90264f33305004495a9","hash":"5cb8964af1e038fcd04dcfeec267f0156ad0e30b"}
,"/Users/ulysses/Desktop/WORK2021/2021/jobtests/toptrumps/src/images/index.js": {"path":"/Users/ulysses/Desktop/WORK2021/2021/jobtests/toptrumps/src/images/index.js","statementMap":{},"fnMap":{},"branchMap":{},"s":{},"f":{},"b":{},"_coverageSchema":"1a1c01bbd47fc00a2c39e90264f33305004495a9","hash":"00cbe70818275fbe31e35d848e781f3828fa59ed"}
,"/Users/ulysses/Desktop/WORK2021/2021/jobtests/toptrumps/src/utils/shuffleArray.js": {"path":"/Users/ulysses/Desktop/WORK2021/2021/jobtests/toptrumps/src/utils/shuffleArray.js","statementMap":{"0":{"start":{"line":5,"column":2},"end":{"line":8,"column":3}},"1":{"start":{"line":5,"column":15},"end":{"line":5,"column":31}},"2":{"start":{"line":6,"column":12},"end":{"line":6,"column":47}},"3":{"start":{"line":7,"column":4},"end":{"line":7,"column":48}},"4":{"start":{"line":9,"column":2},"end":{"line":9,"column":15}}},"fnMap":{"0":{"name":"shuffleArray","decl":{"start":{"line":4,"column":24},"end":{"line":4,"column":36}},"loc":{"start":{"line":4,"column":44},"end":{"line":10,"column":1}},"line":4}},"branchMap":{},"s":{"0":0,"1":0,"2":0,"3":0,"4":0},"f":{"0":0},"b":{},"_coverageSchema":"1a1c01bbd47fc00a2c39e90264f33305004495a9","hash":"ae45b4bbae5c2aa746123f0102b06ab850065b5d"}
}
